{"E:\\SITES\\rh\\Hospital\\hospital_back_host\\app.js": {"path":"E:\\SITES\\rh\\Hospital\\hospital_back_host\\app.js","statementMap":{"0":{"start":{"line":1,"column":0},"end":{"line":1,"column":27}},"1":{"start":{"line":2,"column":16},"end":{"line":2,"column":34}},"2":{"start":{"line":3,"column":12},"end":{"line":3,"column":35}},"3":{"start":{"line":4,"column":13},"end":{"line":4,"column":28}},"4":{"start":{"line":5,"column":19},"end":{"line":5,"column":41}},"5":{"start":{"line":6,"column":11},"end":{"line":6,"column":36}},"6":{"start":{"line":7,"column":12},"end":{"line":7,"column":21}},"7":{"start":{"line":8,"column":13},"end":{"line":8,"column":29}},"8":{"start":{"line":10,"column":0},"end":{"line":13,"column":4}},"9":{"start":{"line":14,"column":0},"end":{"line":14,"column":27}},"10":{"start":{"line":17,"column":4},"end":{"line":26,"column":7}},"11":{"start":{"line":18,"column":8},"end":{"line":25,"column":11}},"12":{"start":{"line":19,"column":12},"end":{"line":24,"column":13}},"13":{"start":{"line":20,"column":16},"end":{"line":20,"column":66}},"14":{"start":{"line":21,"column":16},"end":{"line":21,"column":34}},"15":{"start":{"line":23,"column":16},"end":{"line":23,"column":37}},"16":{"start":{"line":29,"column":0},"end":{"line":52,"column":3}},"17":{"start":{"line":30,"column":35},"end":{"line":30,"column":43}},"18":{"start":{"line":31,"column":4},"end":{"line":51,"column":5}},"19":{"start":{"line":32,"column":8},"end":{"line":47,"column":11}},"20":{"start":{"line":33,"column":12},"end":{"line":46,"column":14}},"21":{"start":{"line":37,"column":20},"end":{"line":44,"column":21}},"22":{"start":{"line":38,"column":24},"end":{"line":40,"column":25}},"23":{"start":{"line":39,"column":28},"end":{"line":39,"column":94}},"24":{"start":{"line":41,"column":24},"end":{"line":41,"column":36}},"25":{"start":{"line":43,"column":24},"end":{"line":43,"column":34}},"26":{"start":{"line":48,"column":8},"end":{"line":48,"column":53}},"27":{"start":{"line":50,"column":8},"end":{"line":50,"column":58}},"28":{"start":{"line":54,"column":0},"end":{"line":67,"column":3}},"29":{"start":{"line":55,"column":4},"end":{"line":66,"column":5}},"30":{"start":{"line":56,"column":24},"end":{"line":61,"column":10}},"31":{"start":{"line":57,"column":12},"end":{"line":60,"column":15}},"32":{"start":{"line":58,"column":16},"end":{"line":59,"column":35}},"33":{"start":{"line":58,"column":25},"end":{"line":58,"column":37}},"34":{"start":{"line":59,"column":21},"end":{"line":59,"column":35}},"35":{"start":{"line":62,"column":8},"end":{"line":62,"column":26}},"36":{"start":{"line":64,"column":8},"end":{"line":64,"column":55}},"37":{"start":{"line":65,"column":8},"end":{"line":65,"column":64}},"38":{"start":{"line":69,"column":0},"end":{"line":91,"column":3}},"39":{"start":{"line":70,"column":35},"end":{"line":70,"column":43}},"40":{"start":{"line":71,"column":4},"end":{"line":73,"column":5}},"41":{"start":{"line":72,"column":8},"end":{"line":72,"column":86}},"42":{"start":{"line":74,"column":4},"end":{"line":90,"column":5}},"43":{"start":{"line":75,"column":21},"end":{"line":80,"column":10}},"44":{"start":{"line":76,"column":12},"end":{"line":79,"column":15}},"45":{"start":{"line":77,"column":16},"end":{"line":78,"column":34}},"46":{"start":{"line":77,"column":25},"end":{"line":77,"column":37}},"47":{"start":{"line":78,"column":21},"end":{"line":78,"column":34}},"48":{"start":{"line":82,"column":8},"end":{"line":84,"column":9}},"49":{"start":{"line":83,"column":12},"end":{"line":83,"column":74}},"50":{"start":{"line":86,"column":22},"end":{"line":86,"column":104}},"51":{"start":{"line":87,"column":8},"end":{"line":87,"column":58}},"52":{"start":{"line":89,"column":8},"end":{"line":89,"column":71}},"53":{"start":{"line":93,"column":0},"end":{"line":110,"column":3}},"54":{"start":{"line":94,"column":63},"end":{"line":94,"column":71}},"55":{"start":{"line":95,"column":4},"end":{"line":109,"column":5}},"56":{"start":{"line":96,"column":8},"end":{"line":105,"column":11}},"57":{"start":{"line":97,"column":12},"end":{"line":104,"column":14}},"58":{"start":{"line":101,"column":20},"end":{"line":102,"column":35}},"59":{"start":{"line":101,"column":29},"end":{"line":101,"column":41}},"60":{"start":{"line":102,"column":25},"end":{"line":102,"column":35}},"61":{"start":{"line":106,"column":8},"end":{"line":106,"column":67}},"62":{"start":{"line":108,"column":8},"end":{"line":108,"column":71}},"63":{"start":{"line":112,"column":0},"end":{"line":118,"column":1}},"64":{"start":{"line":113,"column":4},"end":{"line":117,"column":7}},"65":{"start":{"line":114,"column":25},"end":{"line":114,"column":54}},"66":{"start":{"line":115,"column":8},"end":{"line":115,"column":50}},"67":{"start":{"line":116,"column":8},"end":{"line":116,"column":66}},"68":{"start":{"line":120,"column":0},"end":{"line":122,"column":3}},"69":{"start":{"line":121,"column":4},"end":{"line":121,"column":52}},"70":{"start":{"line":123,"column":0},"end":{"line":123,"column":19}}},"fnMap":{"0":{"name":"checkSQLiteConnection","decl":{"start":{"line":16,"column":15},"end":{"line":16,"column":36}},"loc":{"start":{"line":16,"column":39},"end":{"line":27,"column":1}},"line":16},"1":{"name":"(anonymous_1)","decl":{"start":{"line":17,"column":23},"end":{"line":17,"column":24}},"loc":{"start":{"line":17,"column":36},"end":{"line":26,"column":5}},"line":17},"2":{"name":"(anonymous_2)","decl":{"start":{"line":18,"column":27},"end":{"line":18,"column":28}},"loc":{"start":{"line":18,"column":36},"end":{"line":25,"column":9}},"line":18},"3":{"name":"(anonymous_3)","decl":{"start":{"line":29,"column":20},"end":{"line":29,"column":21}},"loc":{"start":{"line":29,"column":40},"end":{"line":52,"column":1}},"line":29},"4":{"name":"(anonymous_4)","decl":{"start":{"line":32,"column":26},"end":{"line":32,"column":27}},"loc":{"start":{"line":32,"column":47},"end":{"line":47,"column":9}},"line":32},"5":{"name":"(anonymous_5)","decl":{"start":{"line":36,"column":16},"end":{"line":36,"column":17}},"loc":{"start":{"line":36,"column":30},"end":{"line":45,"column":17}},"line":36},"6":{"name":"(anonymous_6)","decl":{"start":{"line":54,"column":25},"end":{"line":54,"column":26}},"loc":{"start":{"line":54,"column":45},"end":{"line":67,"column":1}},"line":54},"7":{"name":"(anonymous_7)","decl":{"start":{"line":56,"column":42},"end":{"line":56,"column":43}},"loc":{"start":{"line":56,"column":63},"end":{"line":61,"column":9}},"line":56},"8":{"name":"(anonymous_8)","decl":{"start":{"line":57,"column":73},"end":{"line":57,"column":74}},"loc":{"start":{"line":57,"column":88},"end":{"line":60,"column":13}},"line":57},"9":{"name":"(anonymous_9)","decl":{"start":{"line":69,"column":19},"end":{"line":69,"column":20}},"loc":{"start":{"line":69,"column":39},"end":{"line":91,"column":1}},"line":69},"10":{"name":"(anonymous_10)","decl":{"start":{"line":75,"column":39},"end":{"line":75,"column":40}},"loc":{"start":{"line":75,"column":60},"end":{"line":80,"column":9}},"line":75},"11":{"name":"(anonymous_11)","decl":{"start":{"line":76,"column":73},"end":{"line":76,"column":74}},"loc":{"start":{"line":76,"column":87},"end":{"line":79,"column":13}},"line":76},"12":{"name":"(anonymous_12)","decl":{"start":{"line":93,"column":28},"end":{"line":93,"column":29}},"loc":{"start":{"line":93,"column":48},"end":{"line":110,"column":1}},"line":93},"13":{"name":"(anonymous_13)","decl":{"start":{"line":96,"column":26},"end":{"line":96,"column":27}},"loc":{"start":{"line":96,"column":47},"end":{"line":105,"column":9}},"line":96},"14":{"name":"(anonymous_14)","decl":{"start":{"line":100,"column":16},"end":{"line":100,"column":17}},"loc":{"start":{"line":100,"column":30},"end":{"line":103,"column":17}},"line":100},"15":{"name":"(anonymous_15)","decl":{"start":{"line":113,"column":21},"end":{"line":113,"column":22}},"loc":{"start":{"line":113,"column":33},"end":{"line":117,"column":5}},"line":113},"16":{"name":"(anonymous_16)","decl":{"start":{"line":120,"column":13},"end":{"line":120,"column":14}},"loc":{"start":{"line":120,"column":27},"end":{"line":122,"column":1}},"line":120}},"branchMap":{"0":{"loc":{"start":{"line":19,"column":12},"end":{"line":24,"column":13}},"type":"if","locations":[{"start":{"line":19,"column":12},"end":{"line":24,"column":13}},{"start":{"line":22,"column":19},"end":{"line":24,"column":13}}],"line":19},"1":{"loc":{"start":{"line":37,"column":20},"end":{"line":44,"column":21}},"type":"if","locations":[{"start":{"line":37,"column":20},"end":{"line":44,"column":21}},{"start":{"line":42,"column":27},"end":{"line":44,"column":21}}],"line":37},"2":{"loc":{"start":{"line":38,"column":24},"end":{"line":40,"column":25}},"type":"if","locations":[{"start":{"line":38,"column":24},"end":{"line":40,"column":25}},{"start":{},"end":{}}],"line":38},"3":{"loc":{"start":{"line":58,"column":16},"end":{"line":59,"column":35}},"type":"if","locations":[{"start":{"line":58,"column":16},"end":{"line":59,"column":35}},{"start":{"line":59,"column":21},"end":{"line":59,"column":35}}],"line":58},"4":{"loc":{"start":{"line":71,"column":4},"end":{"line":73,"column":5}},"type":"if","locations":[{"start":{"line":71,"column":4},"end":{"line":73,"column":5}},{"start":{},"end":{}}],"line":71},"5":{"loc":{"start":{"line":71,"column":8},"end":{"line":71,"column":30}},"type":"binary-expr","locations":[{"start":{"line":71,"column":8},"end":{"line":71,"column":17}},{"start":{"line":71,"column":21},"end":{"line":71,"column":30}}],"line":71},"6":{"loc":{"start":{"line":77,"column":16},"end":{"line":78,"column":34}},"type":"if","locations":[{"start":{"line":77,"column":16},"end":{"line":78,"column":34}},{"start":{"line":78,"column":21},"end":{"line":78,"column":34}}],"line":77},"7":{"loc":{"start":{"line":82,"column":8},"end":{"line":84,"column":9}},"type":"if","locations":[{"start":{"line":82,"column":8},"end":{"line":84,"column":9}},{"start":{},"end":{}}],"line":82},"8":{"loc":{"start":{"line":82,"column":12},"end":{"line":82,"column":47}},"type":"binary-expr","locations":[{"start":{"line":82,"column":12},"end":{"line":82,"column":17}},{"start":{"line":82,"column":21},"end":{"line":82,"column":47}}],"line":82},"9":{"loc":{"start":{"line":101,"column":20},"end":{"line":102,"column":35}},"type":"if","locations":[{"start":{"line":101,"column":20},"end":{"line":102,"column":35}},{"start":{"line":102,"column":25},"end":{"line":102,"column":35}}],"line":101},"10":{"loc":{"start":{"line":112,"column":0},"end":{"line":118,"column":1}},"type":"if","locations":[{"start":{"line":112,"column":0},"end":{"line":118,"column":1}},{"start":{},"end":{}}],"line":112}},"s":{"0":1,"1":1,"2":1,"3":1,"4":1,"5":1,"6":1,"7":1,"8":1,"9":1,"10":0,"11":0,"12":0,"13":0,"14":0,"15":0,"16":1,"17":0,"18":0,"19":0,"20":0,"21":0,"22":0,"23":0,"24":0,"25":0,"26":0,"27":0,"28":1,"29":0,"30":0,"31":0,"32":0,"33":0,"34":0,"35":0,"36":0,"37":0,"38":1,"39":0,"40":0,"41":0,"42":0,"43":0,"44":0,"45":0,"46":0,"47":0,"48":0,"49":0,"50":0,"51":0,"52":0,"53":1,"54":0,"55":0,"56":0,"57":0,"58":0,"59":0,"60":0,"61":0,"62":0,"63":1,"64":0,"65":0,"66":0,"67":0,"68":1,"69":1,"70":1},"f":{"0":0,"1":0,"2":0,"3":0,"4":0,"5":0,"6":0,"7":0,"8":0,"9":0,"10":0,"11":0,"12":0,"13":0,"14":0,"15":0,"16":1},"b":{"0":[0,0],"1":[0,0],"2":[0,0],"3":[0,0],"4":[0,0],"5":[0,0],"6":[0,0],"7":[0,0],"8":[0,0],"9":[0,0],"10":[0,1]},"_coverageSchema":"1a1c01bbd47fc00a2c39e90264f33305004495a9","hash":"0f8997ff2a20e466ebfc1bc6cd0dffbf6c8764c3"}
,"E:\\SITES\\rh\\Hospital\\hospital_back_host\\dataBase\\Sql.js": {"path":"E:\\SITES\\rh\\Hospital\\hospital_back_host\\dataBase\\Sql.js","statementMap":{"0":{"start":{"line":1,"column":16},"end":{"line":1,"column":44}},"1":{"start":{"line":2,"column":13},"end":{"line":2,"column":28}},"2":{"start":{"line":5,"column":11},"end":{"line":12,"column":2}},"3":{"start":{"line":6,"column":4},"end":{"line":11,"column":5}},"4":{"start":{"line":7,"column":8},"end":{"line":7,"column":58}},"5":{"start":{"line":9,"column":8},"end":{"line":9,"column":52}},"6":{"start":{"line":10,"column":8},"end":{"line":10,"column":29}},"7":{"start":{"line":16,"column":4},"end":{"line":36,"column":7}},"8":{"start":{"line":17,"column":8},"end":{"line":28,"column":11}},"9":{"start":{"line":30,"column":8},"end":{"line":35,"column":11}},"10":{"start":{"line":39,"column":0},"end":{"line":39,"column":20}}},"fnMap":{"0":{"name":"(anonymous_0)","decl":{"start":{"line":5,"column":76},"end":{"line":5,"column":77}},"loc":{"start":{"line":5,"column":85},"end":{"line":12,"column":1}},"line":5},"1":{"name":"initializeDatabase","decl":{"start":{"line":14,"column":9},"end":{"line":14,"column":27}},"loc":{"start":{"line":14,"column":30},"end":{"line":37,"column":1}},"line":14},"2":{"name":"(anonymous_2)","decl":{"start":{"line":16,"column":17},"end":{"line":16,"column":18}},"loc":{"start":{"line":16,"column":23},"end":{"line":36,"column":5}},"line":16}},"branchMap":{"0":{"loc":{"start":{"line":6,"column":4},"end":{"line":11,"column":5}},"type":"if","locations":[{"start":{"line":6,"column":4},"end":{"line":11,"column":5}},{"start":{"line":8,"column":11},"end":{"line":11,"column":5}}],"line":6}},"s":{"0":1,"1":1,"2":1,"3":1,"4":0,"5":1,"6":1,"7":1,"8":1,"9":1,"10":1},"f":{"0":1,"1":1,"2":1},"b":{"0":[0,1]},"_coverageSchema":"1a1c01bbd47fc00a2c39e90264f33305004495a9","hash":"fc88d0dd13c75d30e854cbc1792f1635982c5ff2"}
}
